{
  "RSpec": {
    "coverage": {
      "/home/max/Desktop/projects/zombie-fodder/spec/controllers/games_controller_spec.rb": [
        1,
        null,
        null,
        null,
        null,
        null,
        null,
        null,
        null,
        null,
        null,
        null,
        null,
        null,
        null,
        null,
        null,
        null,
        null,
        null,
        1,
        null,
        null,
        null,
        null,
        1,
        null,
        null,
        null,
        null,
        null,
        12,
        null,
        null,
        1,
        null,
        null,
        null,
        null,
        null,
        16,
        null,
        1,
        1,
        1,
        1,
        1,
        null,
        null,
        null,
        1,
        1,
        1,
        1,
        null,
        null,
        null,
        1,
        1,
        1,
        1,
        1,
        null,
        null,
        null,
        1,
        1,
        1,
        1,
        1,
        null,
        null,
        null,
        1,
        1,
        1,
        1,
        null,
        null,
        1,
        1,
        1,
        null,
        null,
        null,
        1,
        1,
        1,
        0,
        null,
        null,
        1,
        1,
        0,
        null,
        null,
        null,
        null,
        1,
        1,
        1,
        null,
        null,
        null,
        null,
        null,
        null,
        1,
        null,
        null,
        1,
        1,
        1,
        1,
        1,
        null,
        null,
        1,
        1,
        1,
        1,
        null,
        null,
        1,
        1,
        1,
        1,
        null,
        null,
        null,
        1,
        1,
        1,
        1,
        0,
        null,
        null,
        1,
        1,
        1,
        0,
        null,
        null,
        null,
        null,
        1,
        1,
        1,
        1,
        1,
        null,
        null,
        null,
        1,
        1,
        1,
        1,
        null,
        null,
        null,
        null
      ],
      "/home/max/Desktop/projects/zombie-fodder/spec/rails_helper.rb": [
        null,
        1,
        1,
        null,
        1,
        1,
        1,
        null,
        null,
        null,
        null,
        null,
        null,
        null,
        null,
        null,
        null,
        null,
        null,
        null,
        null,
        null,
        null,
        null,
        null,
        null,
        1,
        null,
        1,
        null,
        1,
        null,
        null,
        null,
        null,
        1,
        null,
        null,
        null,
        null,
        null,
        null,
        null,
        null,
        null,
        null,
        null,
        null,
        null,
        null,
        1,
        null,
        null,
        1,
        null,
        null,
        null
      ],
      "/home/max/Desktop/projects/zombie-fodder/config/environment.rb": [
        null,
        1,
        null,
        null,
        1
      ],
      "/home/max/Desktop/projects/zombie-fodder/config/application.rb": [
        1,
        null,
        1,
        null,
        null,
        null,
        1,
        null,
        1,
        1,
        null,
        null,
        null,
        null,
        null,
        null,
        null,
        null,
        null,
        null,
        null,
        null,
        null,
        1,
        null,
        null
      ],
      "/home/max/Desktop/projects/zombie-fodder/config/boot.rb": [
        1,
        null,
        1
      ],
      "/home/max/Desktop/projects/zombie-fodder/config/environments/test.rb": [
        1,
        null,
        null,
        null,
        null,
        null,
        null,
        1,
        null,
        null,
        null,
        null,
        1,
        null,
        null,
        1,
        1,
        null,
        null,
        1,
        1,
        null,
        null,
        1,
        null,
        null,
        1,
        null,
        null,
        null,
        null,
        1,
        null,
        null,
        1,
        null,
        null,
        1,
        null,
        null,
        null,
        null
      ],
      "/home/max/Desktop/projects/zombie-fodder/config/initializers/assets.rb": [
        null,
        null,
        null,
        1,
        null,
        null,
        null,
        null,
        null,
        null,
        null
      ],
      "/home/max/Desktop/projects/zombie-fodder/config/initializers/backtrace_silencers.rb": [
        null,
        null,
        null,
        null,
        null,
        null,
        null
      ],
      "/home/max/Desktop/projects/zombie-fodder/config/initializers/cookies_serializer.rb": [
        null,
        null,
        1
      ],
      "/home/max/Desktop/projects/zombie-fodder/config/initializers/filter_parameter_logging.rb": [
        null,
        null,
        null,
        1
      ],
      "/home/max/Desktop/projects/zombie-fodder/config/initializers/inflections.rb": [
        null,
        null,
        null,
        null,
        null,
        null,
        null,
        null,
        null,
        null,
        null,
        null,
        null,
        null,
        null,
        null
      ],
      "/home/max/Desktop/projects/zombie-fodder/config/initializers/mime_types.rb": [
        null,
        null,
        null,
        null
      ],
      "/home/max/Desktop/projects/zombie-fodder/config/initializers/session_store.rb": [
        null,
        null,
        1
      ],
      "/home/max/Desktop/projects/zombie-fodder/config/initializers/wrap_parameters.rb": [
        null,
        null,
        null,
        null,
        null,
        null,
        1,
        1,
        null,
        null,
        null,
        null,
        null,
        null
      ],
      "/home/max/Desktop/projects/zombie-fodder/config/routes.rb": [
        1,
        1,
        null,
        1,
        1,
        null,
        null,
        1,
        null,
        1,
        null,
        null,
        null,
        1,
        1,
        null,
        1,
        null,
        null,
        null,
        null
      ],
      "/home/max/Desktop/projects/zombie-fodder/app/helpers/application_helper.rb": [
        1,
        null
      ],
      "/home/max/Desktop/projects/zombie-fodder/app/helpers/game_masters_helper.rb": [
        1,
        1,
        0,
        null,
        null,
        1,
        0,
        null,
        null
      ],
      "/home/max/Desktop/projects/zombie-fodder/app/helpers/games_helper.rb": [
        1,
        null
      ],
      "/home/max/Desktop/projects/zombie-fodder/app/helpers/parties_helper.rb": [
        1,
        null
      ],
      "/home/max/Desktop/projects/zombie-fodder/app/controllers/games_controller.rb": [
        1,
        1,
        null,
        null,
        null,
        1,
        0,
        null,
        null,
        null,
        null,
        1,
        null,
        null,
        null,
        1,
        1,
        null,
        null,
        null,
        1,
        null,
        null,
        null,
        null,
        1,
        5,
        null,
        3,
        3,
        6,
        3,
        null,
        0,
        0,
        null,
        null,
        null,
        null,
        null,
        null,
        1,
        5,
        5,
        6,
        3,
        null,
        0,
        0,
        null,
        null,
        null,
        null,
        null,
        null,
        1,
        2,
        2,
        4,
        2,
        null,
        null,
        null,
        1,
        null,
        1,
        9,
        null,
        null,
        null,
        1,
        10,
        null,
        null
      ],
      "/home/max/Desktop/projects/zombie-fodder/app/controllers/application_controller.rb": [
        1,
        1,
        null,
        1,
        1,
        0,
        null,
        null,
        1,
        0,
        null,
        null,
        1,
        null,
        1,
        null
      ],
      "/home/max/Desktop/projects/zombie-fodder/app/models/game.rb": [
        1,
        1,
        1,
        1,
        null,
        1,
        null
      ],
      "/home/max/Desktop/projects/zombie-fodder/app/models/player.rb": [
        1,
        1,
        null,
        1,
        null
      ],
      "/home/max/Desktop/projects/zombie-fodder/app/models/hook.rb": [
        1,
        1,
        null
      ]
    },
    "timestamp": 1455812762
  }
}
